<?xml version="1.0" encoding="UTF-8"?>
<testsuite name="com.ohgiraffers.bootproject.BootProjectApplicationTests" tests="1" skipped="0" failures="0" errors="0" timestamp="2024-04-08T02:07:50" hostname="HYUNui-MacBookPro.local" time="0.412">
  <properties/>
  <testcase name="contextLoads()" classname="com.ohgiraffers.bootproject.BootProjectApplicationTests" time="0.412"/>
  <system-out><![CDATA[11:07:49.829 [Test worker] INFO org.springframework.test.context.support.AnnotationConfigContextLoaderUtils -- Could not detect default configuration classes for test class [com.ohgiraffers.bootproject.BootProjectApplicationTests]: BootProjectApplicationTests does not declare any static, non-private, non-final, nested classes annotated with @Configuration.
11:07:49.874 [Test worker] INFO org.springframework.boot.test.context.SpringBootTestContextBootstrapper -- Found @SpringBootConfiguration com.ohgiraffers.bootproject.BootProjectApplication for test class com.ohgiraffers.bootproject.BootProjectApplicationTests

  .   ____          _            __ _ _
 /\\ / ___'_ __ _ _(_)_ __  __ _ \ \ \ \
( ( )\___ | '_ | '_| | '_ \/ _` | \ \ \ \
 \\/  ___)| |_)| | | | | || (_| |  ) ) ) )
  '  |____| .__|_| |_|_| |_\__, | / / / /
 =========|_|==============|___/=/_/_/_/
 :: Spring Boot ::                (v3.2.4)

2024-04-08T11:07:50.048+09:00  INFO 69708 --- [gateway-server] [    Test worker] c.o.b.BootProjectApplicationTests        : Starting BootProjectApplicationTests using Java 18.0.2.1 with PID 69708 (started by hyunwoolee in /Users/hyunwoolee/Desktop/java_lec/devops/bootProject)
2024-04-08T11:07:50.049+09:00  INFO 69708 --- [gateway-server] [    Test worker] c.o.b.BootProjectApplicationTests        : No active profile set, falling back to 1 default profile: "default"
2024-04-08T11:07:50.483+09:00  INFO 69708 --- [gateway-server] [    Test worker] c.o.b.BootProjectApplicationTests        : Started BootProjectApplicationTests in 0.551 seconds (process running for 1.027)
]]></system-out>
  <system-err><![CDATA[]]></system-err>
</testsuite>
